0 info it worked if it ends with ok
1 verbose cli [ 'node', '/usr/local/bin/npm', 'install', 'font-spider', '-g' ]
2 info using npm@1.4.28
3 info using node@v0.10.32
4 verbose cache add [ 'font-spider', null ]
5 verbose cache add name=undefined spec="font-spider" args=["font-spider",null]
6 verbose parsed url { protocol: null,
6 verbose parsed url   slashes: null,
6 verbose parsed url   auth: null,
6 verbose parsed url   host: null,
6 verbose parsed url   port: null,
6 verbose parsed url   hostname: null,
6 verbose parsed url   hash: null,
6 verbose parsed url   search: null,
6 verbose parsed url   query: null,
6 verbose parsed url   pathname: 'font-spider',
6 verbose parsed url   path: 'font-spider',
6 verbose parsed url   href: 'font-spider' }
7 silly lockFile d7f2ac15-font-spider font-spider
8 verbose lock font-spider /Users/James/.npm/d7f2ac15-font-spider.lock
9 silly lockFile d7f2ac15-font-spider font-spider
10 silly lockFile d7f2ac15-font-spider font-spider
11 verbose addNamed [ 'font-spider', '' ]
12 verbose addNamed [ null, '*' ]
13 silly lockFile db12a82c-font-spider font-spider@
14 verbose lock font-spider@ /Users/James/.npm/db12a82c-font-spider.lock
15 silly addNameRange { name: 'font-spider', range: '*', hasData: false }
16 verbose request where is /font-spider
17 verbose request registry https://registry.npmjs.org/
18 verbose request id 9749976a5ae22834
19 verbose url raw /font-spider
20 verbose url resolving [ 'https://registry.npmjs.org/', './font-spider' ]
21 verbose url resolved https://registry.npmjs.org/font-spider
22 verbose request where is https://registry.npmjs.org/font-spider
23 info trying registry request attempt 1 at 02:56:30
24 http GET https://registry.npmjs.org/font-spider
25 http 200 https://registry.npmjs.org/font-spider
26 silly registry.get cb [ 200,
26 silly registry.get   { date: 'Sun, 08 Feb 2015 01:56:41 GMT',
26 silly registry.get     server: 'CouchDB/1.5.0 (Erlang OTP/R16B03)',
26 silly registry.get     etag: '"8PS07LJEPXZZDGUK30JH9JBOG"',
26 silly registry.get     'content-type': 'application/json',
26 silly registry.get     'cache-control': 'max-age=60',
26 silly registry.get     'content-length': '23184',
26 silly registry.get     'accept-ranges': 'bytes',
26 silly registry.get     via: '1.1 varnish',
26 silly registry.get     age: '0',
26 silly registry.get     'x-served-by': 'cache-lcy1134-LCY',
26 silly registry.get     'x-cache': 'MISS',
26 silly registry.get     'x-cache-hits': '0',
26 silly registry.get     'x-timer': 'S1423360600.851962,VS0,VE464',
26 silly registry.get     vary: 'Accept',
26 silly registry.get     'keep-alive': 'timeout=10, max=50',
26 silly registry.get     connection: 'Keep-Alive' } ]
27 silly addNameRange number 2 { name: 'font-spider', range: '*', hasData: true }
28 silly addNameRange versions [ 'font-spider',
28 silly addNameRange   [ '0.0.1-beta',
28 silly addNameRange     '0.0.1-beta2',
28 silly addNameRange     '0.0.1-beta3',
28 silly addNameRange     '0.0.1-beta5',
28 silly addNameRange     '0.0.1-beta6',
28 silly addNameRange     '0.0.1-beta8',
28 silly addNameRange     '0.0.1-beta9',
28 silly addNameRange     '0.0.1-beta10',
28 silly addNameRange     '0.0.1-beta12',
28 silly addNameRange     '0.0.1',
28 silly addNameRange     '0.0.2',
28 silly addNameRange     '0.0.3',
28 silly addNameRange     '0.1.0',
28 silly addNameRange     '0.1.0-rc1' ] ]
29 verbose addNamed [ 'font-spider', '0.1.0-rc1' ]
30 verbose addNamed [ '0.1.0-rc1', '0.1.0-rc1' ]
31 silly lockFile c5c160b5-font-spider-0-1-0-rc1 font-spider@0.1.0-rc1
32 verbose lock font-spider@0.1.0-rc1 /Users/James/.npm/c5c160b5-font-spider-0-1-0-rc1.lock
33 silly lockFile 6caf217f-spider-font-spider-0-1-0-rc1-tgz https://registry.npmjs.org/font-spider/-/font-spider-0.1.0-rc1.tgz
34 verbose lock https://registry.npmjs.org/font-spider/-/font-spider-0.1.0-rc1.tgz /Users/James/.npm/6caf217f-spider-font-spider-0-1-0-rc1-tgz.lock
35 verbose addRemoteTarball [ 'https://registry.npmjs.org/font-spider/-/font-spider-0.1.0-rc1.tgz',
35 verbose addRemoteTarball   '53a9cc7c9308bda875aa6394e9c154339d9a008f' ]
36 info retry fetch attempt 1 at 02:56:42
37 verbose fetch to= /var/folders/69/t4hd3p511nq23xhp8rw551n80000gn/T/npm-8549-zgKTmXe8/registry.npmjs.org/font-spider/-/font-spider-0.1.0-rc1.tgz
38 http GET https://registry.npmjs.org/font-spider/-/font-spider-0.1.0-rc1.tgz
39 http 200 https://registry.npmjs.org/font-spider/-/font-spider-0.1.0-rc1.tgz
40 silly lockFile 6caf217f-spider-font-spider-0-1-0-rc1-tgz https://registry.npmjs.org/font-spider/-/font-spider-0.1.0-rc1.tgz
41 silly lockFile 6caf217f-spider-font-spider-0-1-0-rc1-tgz https://registry.npmjs.org/font-spider/-/font-spider-0.1.0-rc1.tgz
42 silly lockFile c5c160b5-font-spider-0-1-0-rc1 font-spider@0.1.0-rc1
43 silly lockFile c5c160b5-font-spider-0-1-0-rc1 font-spider@0.1.0-rc1
44 silly lockFile db12a82c-font-spider font-spider@
45 silly lockFile db12a82c-font-spider font-spider@
46 silly resolved [ { name: 'font-spider',
46 silly resolved     description: 'Webfont optimizer',
46 silly resolved     version: '0.1.0-rc1',
46 silly resolved     homepage: 'https://github.com/aui/font-spider',
46 silly resolved     author: { name: 'aui', email: 'sugarpie.tang@gmail.com' },
46 silly resolved     repository: { type: 'git', url: 'git://github.com/aui/font-spider.git' },
46 silly resolved     bugs: { url: 'https://github.com/aui/font-spider/issues' },
46 silly resolved     licenses: [ [Object] ],
46 silly resolved     bin: { fs: 'bin/font-spider', 'font-spider': 'bin/font-spider' },
46 silly resolved     main: './src/index.js',
46 silly resolved     engines: { node: '>= 0.8.0' },
46 silly resolved     scripts: { test: 'grunt test' },
46 silly resolved     dependencies:
46 silly resolved      { ttf2eot: '1.3.0',
46 silly resolved        ttf2woff: '1.3.0',
46 silly resolved        ttf2svg: '0.0.7',
46 silly resolved        commander: '2.6.0',
46 silly resolved        shelljs: '0.2.6',
46 silly resolved        css: '2.0.0',
46 silly resolved        async: '0.9.0',
46 silly resolved        glob: '4.3.1',
46 silly resolved        htmlparser2: '>= 3.1.5 <4',
46 silly resolved        nwmatcher: '~1.3.2',
46 silly resolved        request: '2.x',
46 silly resolved        xmlhttprequest: '>=1.5.0',
46 silly resolved        cssom: '~0.3.0',
46 silly resolved        cssstyle: '~0.2.9',
46 silly resolved        ignore: '~2.2.15' },
46 silly resolved     keywords:
46 silly resolved      [ 'font',
46 silly resolved        'fontforge',
46 silly resolved        'font-face',
46 silly resolved        'woff',
46 silly resolved        'ttf',
46 silly resolved        'svg',
46 silly resolved        'eot',
46 silly resolved        'truetype',
46 silly resolved        'css',
46 silly resolved        'webfont' ],
46 silly resolved     _id: 'font-spider@0.1.0-rc1',
46 silly resolved     dist:
46 silly resolved      { shasum: '53a9cc7c9308bda875aa6394e9c154339d9a008f',
46 silly resolved        tarball: 'http://registry.npmjs.org/font-spider/-/font-spider-0.1.0-rc1.tgz' },
46 silly resolved     _from: 'font-spider@',
46 silly resolved     _npmVersion: '1.3.11',
46 silly resolved     _npmUser: { name: 'aui', email: '1987.tangbin@gmail.com' },
46 silly resolved     maintainers: [ [Object] ],
46 silly resolved     directories: {},
46 silly resolved     _shasum: '53a9cc7c9308bda875aa6394e9c154339d9a008f',
46 silly resolved     _resolved: 'https://registry.npmjs.org/font-spider/-/font-spider-0.1.0-rc1.tgz' } ]
47 info install font-spider@0.1.0-rc1 into /usr/local/lib
48 info installOne font-spider@0.1.0-rc1
49 verbose lib/node_modules/font-spider unbuild
50 verbose tar unpack /Users/James/.npm/font-spider/0.1.0-rc1/package.tgz
51 silly lockFile 930eb90d-cal-lib-node-modules-font-spider tar:///usr/local/lib/node_modules/font-spider
52 verbose lock tar:///usr/local/lib/node_modules/font-spider /Users/James/.npm/930eb90d-cal-lib-node-modules-font-spider.lock
53 silly lockFile 8188b420-ont-spider-0-1-0-rc1-package-tgz tar:///Users/James/.npm/font-spider/0.1.0-rc1/package.tgz
54 verbose lock tar:///Users/James/.npm/font-spider/0.1.0-rc1/package.tgz /Users/James/.npm/8188b420-ont-spider-0-1-0-rc1-package-tgz.lock
55 silly gunzTarPerm modes [ '755', '644' ]
56 error Error: EACCES, mkdir '/usr/local/lib/node_modules/font-spider'
56 error  { [Error: EACCES, mkdir '/usr/local/lib/node_modules/font-spider']
56 error   errno: 3,
56 error   code: 'EACCES',
56 error   path: '/usr/local/lib/node_modules/font-spider',
56 error   fstream_type: 'Directory',
56 error   fstream_path: '/usr/local/lib/node_modules/font-spider',
56 error   fstream_class: 'DirWriter',
56 error   fstream_stack:
56 error    [ '/usr/local/lib/node_modules/npm/node_modules/fstream/lib/dir-writer.js:36:23',
56 error      '/usr/local/lib/node_modules/npm/node_modules/mkdirp/index.js:46:53',
56 error      'Object.oncomplete (fs.js:107:15)' ] }
57 error Please try running this command again as root/Administrator.
58 error System Darwin 14.1.0
59 error command "node" "/usr/local/bin/npm" "install" "font-spider" "-g"
60 error cwd /Users/James/Documents/hedaweng.com
61 error node -v v0.10.32
62 error npm -v 1.4.28
63 error path /usr/local/lib/node_modules/font-spider
64 error fstream_path /usr/local/lib/node_modules/font-spider
65 error fstream_type Directory
66 error fstream_class DirWriter
67 error code EACCES
68 error errno 3
69 error stack Error: EACCES, mkdir '/usr/local/lib/node_modules/font-spider'
70 error fstream_stack /usr/local/lib/node_modules/npm/node_modules/fstream/lib/dir-writer.js:36:23
70 error fstream_stack /usr/local/lib/node_modules/npm/node_modules/mkdirp/index.js:46:53
70 error fstream_stack Object.oncomplete (fs.js:107:15)
71 verbose exit [ 3, true ]
